<?xml version="1.0" encoding="UTF-8"?>
<!-- Generated by org.testng.reporters.JUnitReportReporter -->
<testsuite skipped="0" hostname="SHADOWS" name="test.SampleTestNG2" tests="2" failures="0" timestamp="29 Oct 2018 17:09:22 GMT" time="0.004" errors="0">
  <testcase name="test1" time="0.002" classname="test.SampleTestNG2"/>
  <testcase name="test2" time="0.002" classname="test.SampleTestNG2"/>
</testsuite> <!-- test.SampleTestNG2 -->
