<?xml version="1.0" encoding="UTF-8"?>
<!-- Generated by org.testng.reporters.JUnitReportReporter -->
<testsuite skipped="0" hostname="SHADOWS" name="test.SampleTestNG3" tests="2" failures="0" timestamp="29 Oct 2018 17:09:22 GMT" time="0.006" errors="0">
  <testcase name="test1" time="0.003" classname="test.SampleTestNG3"/>
  <testcase name="test2" time="0.003" classname="test.SampleTestNG3"/>
</testsuite> <!-- test.SampleTestNG3 -->
