<?xml version="1.0" encoding="UTF-8"?>
<!-- Generated by org.testng.reporters.JUnitReportReporter -->
<testsuite skipped="1" hostname="SHADOWS" name="test.SampleTestNG4" tests="4" failures="0" timestamp="29 Oct 2018 17:09:22 GMT" time="0.005" errors="0">
  <testcase name="sample2" time="0.001" classname="test.SampleTestNG4"/>
  <testcase name="sample1" time="0.002" classname="test.SampleTestNG4"/>
  <testcase name="test1" time="0.002" classname="test.SampleTestNG4"/>
  <testcase name="test2" classname="test.SampleTestNG4">
    <skipped/>
  </testcase> <!-- test2 -->
</testsuite> <!-- test.SampleTestNG4 -->
