<?xml version="1.0" encoding="UTF-8"?>
<!-- Generated by org.testng.reporters.JUnitReportReporter -->
<testsuite skipped="0" hostname="SHADOWS" name="test.SampleTestNG" tests="5" failures="0" timestamp="29 Oct 2018 17:09:40 GMT" time="0.026" errors="0">
  <testcase name="dataProviderTest" time="0.009" classname="test.SampleTestNG"/>
  <testcase name="test2" time="0.002" classname="test.SampleTestNG"/>
  <testcase name="dataProviderTest" time="0.003" classname="test.SampleTestNG"/>
  <testcase name="testURL" time="0.010" classname="test.SampleTestNG"/>
  <testcase name="dataProviderTest" time="0.002" classname="test.SampleTestNG"/>
</testsuite> <!-- test.SampleTestNG -->
